<?xml version="1.0" encoding="UTF-8"?>
<testsuite name="com.devco.travelocity.runners.SearchFlightRunner" tests="0" skipped="0" failures="0" errors="0" timestamp="1970-01-01T00:00:00" hostname="CPX-SJVA8S2J89K" time="0.0">
  <properties/>
  <system-out><![CDATA[
1 Scenarios (1 undefined)
3 Steps (3 undefined)
0m17.402s


You can implement missing steps with the snippets below:

@Given("^the user want to select a round trip between \"([^\"]*)\" and \"([^\"]*)\"$")
public void theUserWantToSelectARoundTripBetweenAnd(String arg1, String arg2) {
    // Write code here that turns the phrase above into concrete actions
    throw new PendingException();
}


@When("^he selected the shortest flights$")
public void heSelectedTheShortestFlights() {
    // Write code here that turns the phrase above into concrete actions
    throw new PendingException();
}

@Then("^he check both of them flights selected$")
public void heCheckBothOfThemFlightsSelected() {
    // Write code here that turns the phrase above into concrete actions
    throw new PendingException();
}

]]></system-out>
  <system-err><![CDATA[[Test worker] INFO net.thucydides.core.steps.ConsoleLoggingListener - ?[36m

-------------------------------------------------------------------------------------
     _______. _______ .______       _______ .__   __.  __  .___________.____    ____ 
    /       ||   ____||   _  \     |   ____||  \ |  | |  | |           |\   \  /   / 
   |   (----`|  |__   |  |_)  |    |  |__   |   \|  | |  | `---|  |----` \   \/   /  
    \   \    |   __|  |      /     |   __|  |  . `  | |  |     |  |       \_    _/   
.----)   |   |  |____ |  |\  \----.|  |____ |  |\   | |  |     |  |         |  |     
|_______/    |_______|| _| `._____||_______||__| \__| |__|     |__|         |__|    
                                                                                     
 News and tutorials at http://www.serenity-bdd.info                                  
 Documentation at https://wakaleo.gitbooks.io/the-serenity-book/content/             
 Join the Serenity Community on Rocket Chat at https://serenity-bdd.rocket.chat      
 Serenity BDD Support and Training at http://serenity-bdd.info/#/trainingandsupport  
 Learn Serenity BDD online at http://serenity-dojo.com                               
-------------------------------------------------------------------------------------
?[0m
[Test worker] INFO net.thucydides.core.steps.ConsoleLoggingListener - Test Suite Started: Select the cheapest flight in travelocity
[Test worker] INFO net.thucydides.core.steps.ConsoleLoggingListener - 
 _____ _____ ____ _____   ____ _____  _    ____ _____ _____ ____  
|_   _| ____/ ___|_   _| / ___|_   _|/ \  |  _ \_   _| ____|  _ \ 
  | | |  _| \___ \ | |   \___ \ | | / _ \ | |_) || | |  _| | | | |
  | | | |___ ___) || |    ___) || |/ ___ \|  _ < | | | |___| |_| |
  |_| |_____|____/ |_|   |____/ |_/_/   \_\_| \_\|_| |_____|____/ 
                                                                  

TEST STARTED: Selecting the round trip
-------------------------------------------------------------------(select-the-cheapest-flight-in-travelocity;selecting-the-round-trip)
]]></system-err>
</testsuite>
