<?xml version="1.0" encoding="UTF-8"?>
<testsuite name="Search hotel travelocity page" tests="1" skipped="0" failures="0" errors="0" timestamp="2021-04-12T20:54:11" hostname="CPX-SJVA8S2J89K" time="96.684">
  <properties/>
  <testcase name="Search hotel in a city in the travelocity page" classname="Search hotel travelocity page" time="96.684"/>
  <system-out><![CDATA[]]></system-out>
  <system-err><![CDATA[Apr 12, 2021 3:54:11 PM org.openqa.selenium.remote.DesiredCapabilities chrome
INFO: Using `new ChromeOptions()` is preferred to `DesiredCapabilities.chrome()`
[1618260852.500][WARNING]: This version of ChromeDriver has not been tested with Chrome version 89.
Apr 12, 2021 3:54:12 PM org.openqa.selenium.remote.ProtocolHandshake createSession
INFO: Detected dialect: W3C
[Test worker] INFO net.thucydides.core.steps.ConsoleLoggingListener - 
        __    _____ _____ ____ _____   ____   _    ____  ____  _____ ____  
  _     \ \  |_   _| ____/ ___|_   _| |  _ \ / \  / ___|/ ___|| ____|  _ \ 
 (_)_____| |   | | |  _| \___ \ | |   | |_) / _ \ \___ \\___ \|  _| | | | |
  _|_____| |   | | | |___ ___) || |   |  __/ ___ \ ___) |___) | |___| |_| |
 (_)     | |   |_| |_____|____/ |_|   |_| /_/   \_\____/|____/|_____|____/ 
        /_/                                                                

TEST PASSED: Search hotel in a city in the travelocity page
----------------------------------------------------------------------------
]]></system-err>
</testsuite>
