<?xml version="1.0" encoding="UTF-8"?>
<testsuite name="Search vacation rentals travelocity page" tests="1" skipped="0" failures="0" errors="0" timestamp="2021-04-12T20:57:00" hostname="CPX-SJVA8S2J89K" time="68.706">
  <properties/>
  <testcase name="Search vacations rentals nera home in travelocity page" classname="Search vacation rentals travelocity page" time="68.706"/>
  <system-out><![CDATA[]]></system-out>
  <system-err><![CDATA[Apr 12, 2021 3:57:00 PM org.openqa.selenium.remote.DesiredCapabilities chrome
INFO: Using `new ChromeOptions()` is preferred to `DesiredCapabilities.chrome()`
[1618261021.575][WARNING]: This version of ChromeDriver has not been tested with Chrome version 89.
Apr 12, 2021 3:57:01 PM org.openqa.selenium.remote.ProtocolHandshake createSession
INFO: Detected dialect: W3C
[Test worker] INFO net.thucydides.core.steps.ConsoleLoggingListener - 
        __    _____ _____ ____ _____   ____   _    ____  ____  _____ ____  
  _     \ \  |_   _| ____/ ___|_   _| |  _ \ / \  / ___|/ ___|| ____|  _ \ 
 (_)_____| |   | | |  _| \___ \ | |   | |_) / _ \ \___ \\___ \|  _| | | | |
  _|_____| |   | | | |___ ___) || |   |  __/ ___ \ ___) |___) | |___| |_| |
 (_)     | |   |_| |_____|____/ |_|   |_| /_/   \_\____/|____/|_____|____/ 
        /_/                                                                

TEST PASSED: Search vacations rentals nera home in travelocity page
----------------------------------------------------------------------------
]]></system-err>
</testsuite>
