<?xml version="1.0" encoding="UTF-8"?>
<testsuite name="Select things to do in travelocity page" tests="1" skipped="0" failures="0" errors="0" timestamp="2021-04-12T03:21:35" hostname="CPX-SJVA8S2J89K" time="87.815">
  <properties/>
  <testcase name="Select things to do in a city" classname="Select things to do in travelocity page" time="87.815"/>
  <system-out><![CDATA[]]></system-out>
  <system-err><![CDATA[Apr 11, 2021 10:21:35 PM org.openqa.selenium.remote.DesiredCapabilities chrome
INFO: Using `new ChromeOptions()` is preferred to `DesiredCapabilities.chrome()`
Starting ChromeDriver 88.0.4324.27 (6347fe8bf1e48bd0c54d07dc55ca011cf40861c9-refs/branch-heads/4324@{#450}) on port 9614
Only local connections are allowed.
Please see https://chromedriver.chromium.org/security-considerations for suggestions on keeping ChromeDriver safe.
ChromeDriver was started successfully.
[1618197700.833][WARNING]: This version of ChromeDriver has not been tested with Chrome version 89.
Apr 11, 2021 10:21:41 PM org.openqa.selenium.remote.ProtocolHandshake createSession
INFO: Detected dialect: W3C
[Test worker] INFO net.thucydides.core.steps.ConsoleLoggingListener - 
        __    _____ _____ ____ _____   ____   _    ____  ____  _____ ____  
  _     \ \  |_   _| ____/ ___|_   _| |  _ \ / \  / ___|/ ___|| ____|  _ \ 
 (_)_____| |   | | |  _| \___ \ | |   | |_) / _ \ \___ \\___ \|  _| | | | |
  _|_____| |   | | | |___ ___) || |   |  __/ ___ \ ___) |___) | |___| |_| |
 (_)     | |   |_| |_____|____/ |_|   |_| /_/   \_\____/|____/|_____|____/ 
        /_/                                                                

TEST PASSED: Select things to do in a city
----------------------------------------------------------------------------
]]></system-err>
</testsuite>
